<?xml version="1.0" encoding="UTF-8"?>
<!-- Generated by org.testng.reporters.JUnitReportReporter -->
<testsuite hostname="BHUSHAN-SHEWALE" failures="0" tests="1" name="testNGFlag.Flag6" time="0.005" errors="0" timestamp="2023-03-31T19:21:07 IST" skipped="0">
  <testcase classname="testNGFlag.Flag6" name="logout" time="0.005"/>
  <system-out>
    <![CDATA[Logout Method]]>
  </system-out>
</testsuite> <!-- testNGFlag.Flag6 -->
