<?xml version="1.0" encoding="UTF-8"?>
<!-- Generated by org.testng.reporters.JUnitReportReporter -->
<testsuite hostname="BHUSHAN-SHEWALE" failures="0" tests="3" name="testNGpack.Demo" time="0.007" errors="0" timestamp="2023-03-26T12:07:39 IST" skipped="0">
  <testcase classname="testNGpack.Demo" name="a2" time="0.001"/>
  <system-out>
    <![CDATA[method is a2]]>
  </system-out>
  <testcase classname="testNGpack.Demo" name="a1" time="0.006"/>
  <system-out>
    <![CDATA[method is a1]]>
  </system-out>
  <testcase classname="testNGpack.Demo" name="f" time="0.000"/>
  <system-out>
    <![CDATA[Sunday!!!]]>
  </system-out>
</testsuite> <!-- testNGpack.Demo -->
