<?xml version="1.0" encoding="UTF-8"?>
<!-- Generated by org.testng.reporters.JUnitReportReporter -->
<testsuite hostname="BHUSHAN-SHEWALE" failures="0" tests="3" name="testNGpack.Demo1" time="0.001" errors="0" timestamp="2023-03-26T12:07:39 IST" skipped="0">
  <testcase classname="testNGpack.Demo1" name="m1" time="0.000"/>
  <system-out>
    <![CDATA[method is m1]]>
  </system-out>
  <testcase classname="testNGpack.Demo1" name="m" time="0.000"/>
  <system-out>
    <![CDATA[method is m]]>
  </system-out>
  <testcase classname="testNGpack.Demo1" name="f2" time="0.001"/>
  <system-out>
    <![CDATA[Bhushan!!!]]>
  </system-out>
</testsuite> <!-- testNGpack.Demo1 -->
