<?xml version="1.0" encoding="UTF-8"?>
<!-- Generated by org.testng.reporters.JUnitReportReporter -->
<testsuite hostname="BHUSHAN-SHEWALE" failures="0" tests="2" name="testNGFlag.Flag2" time="0.006" errors="0" timestamp="2023-03-30T19:57:30 IST" skipped="0">
  <testcase classname="testNGFlag.Flag2" name="search1" time="0.005"/>
  <system-out>
    <![CDATA[SQL SEARCH]]>
  </system-out>
  <testcase classname="testNGFlag.Flag2" name="search2" time="0.001"/>
  <system-out>
    <![CDATA[Login Page]]>
  </system-out>
</testsuite> <!-- testNGFlag.Flag2 -->
