<?xml version="1.0" encoding="UTF-8"?>
<!-- Generated by org.testng.reporters.JUnitReportReporter -->
<testsuite hostname="BHUSHAN-SHEWALE" failures="0" tests="3" name="testNGAnnotations.GoogleTestCases" time="22.000" errors="0" timestamp="2023-03-27T20:09:23 IST" skipped="0">
  <testcase classname="testNGAnnotations.GoogleTestCases" name="search1" time="6.880"/>
  <system-out/>
  <testcase classname="testNGAnnotations.GoogleTestCases" name="search" time="6.478"/>
  <system-out/>
  <testcase classname="testNGAnnotations.GoogleTestCases" name="search2" time="8.642"/>
  <system-out/>
</testsuite> <!-- testNGAnnotations.GoogleTestCases -->
