<?xml version="1.0" encoding="UTF-8"?>
<!-- Generated by org.testng.reporters.JUnitReportReporter -->
<testsuite hostname="BHUSHAN-SHEWALE" failures="0" tests="3" name="testNGAnnotations.TestNGAnnotations" time="0.007" errors="0" timestamp="2023-03-27T19:31:05 IST" skipped="0">
  <testcase classname="testNGAnnotations.TestNGAnnotations" name="h" time="0.001"/>
  <system-out>
    <![CDATA[Monday2!!!]]>
  </system-out>
  <testcase classname="testNGAnnotations.TestNGAnnotations" name="f" time="0.005"/>
  <system-out>
    <![CDATA[Monday!!!]]>
  </system-out>
  <testcase classname="testNGAnnotations.TestNGAnnotations" name="g" time="0.001"/>
  <system-out>
    <![CDATA[Monday1!!!]]>
  </system-out>
</testsuite> <!-- testNGAnnotations.TestNGAnnotations -->
