<?xml version="1.0" encoding="UTF-8"?>
<!-- Generated by org.testng.reporters.JUnitReportReporter -->
<testsuite hostname="BHUSHAN-SHEWALE" failures="0" tests="1" name="testExecution.TestingClass3" time="7.459" errors="0" timestamp="2023-03-28T20:10:38 IST" skipped="0">
  <testcase classname="testExecution.TestingClass3" name="search2" time="7.459"/>
  <system-out/>
</testsuite> <!-- testExecution.TestingClass3 -->
