<?xml version="1.0" encoding="UTF-8"?>
<!-- Generated by org.testng.reporters.JUnitReportReporter -->
<testsuite hostname="BHUSHAN-SHEWALE" failures="0" tests="3" name="testNGFlag.Flag3" time="0.005" errors="0" timestamp="2023-03-30T20:18:50 IST" skipped="0">
  <testcase classname="testNGFlag.Flag3" name="createUser" time="0.005"/>
  <system-out>
    <![CDATA[User is Created!!!]]>
  </system-out>
  <testcase classname="testNGFlag.Flag3" name="login" time="0.000"/>
  <system-out>
    <![CDATA[Logged in!!!]]>
  </system-out>
  <testcase classname="testNGFlag.Flag3" name="logout" time="0.000"/>
  <system-out>
    <![CDATA[Logged Out!!!]]>
  </system-out>
</testsuite> <!-- testNGFlag.Flag3 -->
