<?xml version="1.0" encoding="UTF-8"?>
<!-- Generated by org.testng.reporters.JUnitReportReporter -->
<testsuite hostname="BHUSHAN-SHEWALE" failures="0" tests="2" name="testExecution.MethodExecution" time="0.007" errors="0" timestamp="2023-03-30T18:54:34 IST" skipped="0">
  <testcase classname="testExecution.MethodExecution" name="method" time="0.006"/>
  <system-out>
    <![CDATA[1Is The Threadid
method]]>
  </system-out>
  <testcase classname="testExecution.MethodExecution" name="method2" time="0.001"/>
  <system-out>
    <![CDATA[1Is The Threadid
method2]]>
  </system-out>
</testsuite> <!-- testExecution.MethodExecution -->
