<?xml version="1.0" encoding="UTF-8"?>
<!-- Generated by org.testng.reporters.JUnitReportReporter -->
<testsuite hostname="BHUSHAN-SHEWALE" failures="0" tests="1" name="testExecution.TestingClass" time="7.334" errors="0" timestamp="2023-03-28T20:10:38 IST" skipped="0">
  <testcase classname="testExecution.TestingClass" name="search" time="7.334"/>
  <system-out/>
</testsuite> <!-- testExecution.TestingClass -->
